2025/02/27 23:21:01 INFO  - jmeter.util.JMeterUtils: Setting Locale to en_US 
2025/02/27 23:21:01 INFO  - jmeter.JMeter: Loading user properties from: /media/mohammad/60C8B0CAC8B0A0281/tutorials_source_codes/django_dvdrental_project/jmeter/user.properties 
2025/02/27 23:21:01 INFO  - jmeter.JMeter: Loading system properties from: /usr/share/jmeter/bin/system.properties 
2025/02/27 23:21:01 INFO  - jmeter.JMeter: Copyright (c) 1998-2015 The Apache Software Foundation 
2025/02/27 23:21:01 INFO  - jmeter.JMeter: Version 2.13.19691222 
2025/02/27 23:21:01 INFO  - jmeter.JMeter: java.version=11.0.26 
2025/02/27 23:21:01 INFO  - jmeter.JMeter: java.vm.name=OpenJDK 64-Bit Server VM 
2025/02/27 23:21:01 INFO  - jmeter.JMeter: os.name=Linux 
2025/02/27 23:21:01 INFO  - jmeter.JMeter: os.arch=amd64 
2025/02/27 23:21:01 INFO  - jmeter.JMeter: os.version=6.8.0-52-generic 
2025/02/27 23:21:01 INFO  - jmeter.JMeter: file.encoding=UTF-8 
2025/02/27 23:21:01 INFO  - jmeter.JMeter: Default Locale=English (United States) 
2025/02/27 23:21:01 INFO  - jmeter.JMeter: JMeter  Locale=English (United States) 
2025/02/27 23:21:01 INFO  - jmeter.JMeter: JMeterHome=/usr/share/jmeter 
2025/02/27 23:21:01 INFO  - jmeter.JMeter: user.dir  =/media/mohammad/60C8B0CAC8B0A0281/tutorials_source_codes/django_dvdrental_project/jmeter 
2025/02/27 23:21:01 INFO  - jmeter.JMeter: PWD       =/media/mohammad/60C8B0CAC8B0A0281/tutorials_source_codes/django_dvdrental_project/jmeter 
2025/02/27 23:21:01 INFO  - jmeter.JMeter: IP: 127.0.1.1 Name: mohammad FullName: mohammad 
2025/02/27 23:21:02 INFO  - jmeter.gui.action.LookAndFeelCommand: Using look and feel: javax.swing.plaf.metal.MetalLookAndFeel [Metal, CrossPlatform] 
2025/02/27 23:21:02 INFO  - jmeter.JMeter: Loaded icon properties from org/apache/jmeter/images/icon.properties 
2025/02/27 23:21:02 INFO  - jmeter.engine.util.CompoundVariable: Note: Function class names must contain the string: '.functions.' 
2025/02/27 23:21:02 INFO  - jmeter.engine.util.CompoundVariable: Note: Function class names must not contain the string: '.gui.' 
2025/02/27 23:21:03 INFO  - jmeter.util.BSFTestElement: Registering JMeter version of JavaScript engine as work-round for BSF-22 
2025/02/27 23:21:03 INFO  - jmeter.protocol.http.sampler.HTTPSamplerBase: Cannot find .className property for htmlParser, using default 
2025/02/27 23:21:03 INFO  - jmeter.protocol.http.sampler.HTTPSamplerBase: Parser for text/html is  
2025/02/27 23:21:03 INFO  - jmeter.protocol.http.sampler.HTTPSamplerBase: Parser for application/xhtml+xml is  
2025/02/27 23:21:03 INFO  - jmeter.protocol.http.sampler.HTTPSamplerBase: Parser for application/xml is  
2025/02/27 23:21:03 INFO  - jmeter.protocol.http.sampler.HTTPSamplerBase: Parser for text/xml is  
2025/02/27 23:21:03 INFO  - jmeter.protocol.http.sampler.HTTPSamplerBase: Parser for text/vnd.wap.wml is org.apache.jmeter.protocol.http.parser.RegexpHTMLParser 
2025/02/27 23:21:03 INFO  - jmeter.gui.util.MenuFactory: Skipping org.apache.jmeter.protocol.http.modifier.gui.ParamModifierGui 
2025/02/27 23:21:03 INFO  - jorphan.exec.KeyToolUtils: keytool found at 'keytool' 
2025/02/27 23:21:03 INFO  - jmeter.protocol.http.proxy.ProxyControl: HTTP(S) Test Script Recorder SSL Proxy will use keys that support embedded 3rd party resources in file /usr/share/jmeter/bin/proxyserver.jks 
2025/02/27 23:21:03 INFO  - jmeter.samplers.SampleResult: Note: Sample TimeStamps are START times 
2025/02/27 23:21:03 INFO  - jmeter.samplers.SampleResult: sampleresult.default.encoding is set to ISO-8859-1 
2025/02/27 23:21:03 INFO  - jmeter.samplers.SampleResult: sampleresult.useNanoTime=true 
2025/02/27 23:21:03 INFO  - jmeter.samplers.SampleResult: sampleresult.nanoThreadSleep=5000 
2025/02/27 23:21:32 INFO  - jmeter.engine.StandardJMeterEngine: Listeners will be started after enabling running version 
2025/02/27 23:21:32 INFO  - jmeter.engine.StandardJMeterEngine: To revert to the earlier behaviour, define jmeterengine.startlistenerslater=false 
2025/02/27 23:21:32 INFO  - jmeter.engine.StandardJMeterEngine: Running the test! 
2025/02/27 23:21:32 INFO  - jmeter.samplers.SampleEvent: List of sample_variables: [] 
2025/02/27 23:21:32 INFO  - jmeter.samplers.SampleEvent: List of sample_variables: [] 
2025/02/27 23:21:32 INFO  - jmeter.gui.util.JMeterMenuBar: setRunning(true,*local*) 
2025/02/27 23:21:32 INFO  - jmeter.engine.StandardJMeterEngine: No enabled thread groups found 
2025/02/27 23:21:32 INFO  - jmeter.engine.StandardJMeterEngine: Notifying test listeners of end of test 
2025/02/27 23:21:32 INFO  - jmeter.services.FileServer: Default base='/media/mohammad/60C8B0CAC8B0A0281/tutorials_source_codes/django_dvdrental_project/jmeter' 
2025/02/27 23:21:32 INFO  - jmeter.gui.util.JMeterMenuBar: setRunning(false,*local*) 
2025/02/27 23:23:26 INFO  - jmeter.services.FileServer: Set new base='/media/mohammad/60C8B0CAC8B0A0281/tutorials_source_codes/django_dvdrental_project/jmeter' 
2025/02/27 23:23:26 INFO  - jmeter.save.SaveService: Testplan (JMX) version: 2.2. Testlog (JTL) version: 2.2 
2025/02/27 23:23:26 INFO  - jmeter.save.SaveService: Using SaveService properties version 2.8 
2025/02/27 23:23:26 INFO  - jmeter.save.SaveService: Using SaveService properties file version 1656252 
2025/02/27 23:23:26 INFO  - jmeter.save.SaveService: Using SaveService properties file encoding UTF-8 
2025/02/27 23:23:26 INFO  - jmeter.save.SaveService: All converter versions present and correct 
2025/02/27 23:23:30 INFO  - jmeter.engine.StandardJMeterEngine: Running the test! 
2025/02/27 23:23:30 INFO  - jmeter.samplers.SampleEvent: List of sample_variables: [] 
2025/02/27 23:23:30 INFO  - jmeter.gui.util.JMeterMenuBar: setRunning(true,*local*) 
2025/02/27 23:23:30 INFO  - jmeter.engine.StandardJMeterEngine: No enabled thread groups found 
2025/02/27 23:23:30 INFO  - jmeter.engine.StandardJMeterEngine: Notifying test listeners of end of test 
2025/02/27 23:23:30 INFO  - jmeter.gui.util.JMeterMenuBar: setRunning(false,*local*) 
2025/02/27 23:23:33 INFO  - jmeter.engine.StandardJMeterEngine: Running the test! 
2025/02/27 23:23:33 INFO  - jmeter.samplers.SampleEvent: List of sample_variables: [] 
2025/02/27 23:23:33 INFO  - jmeter.gui.util.JMeterMenuBar: setRunning(true,*local*) 
2025/02/27 23:23:33 INFO  - jmeter.engine.StandardJMeterEngine: No enabled thread groups found 
2025/02/27 23:23:33 INFO  - jmeter.engine.StandardJMeterEngine: Notifying test listeners of end of test 
2025/02/27 23:23:33 INFO  - jmeter.gui.util.JMeterMenuBar: setRunning(false,*local*) 
2025/02/27 23:33:47 INFO  - jmeter.engine.StandardJMeterEngine: Running the test! 
2025/02/27 23:33:47 INFO  - jmeter.samplers.SampleEvent: List of sample_variables: [] 
2025/02/27 23:33:47 INFO  - jmeter.gui.util.JMeterMenuBar: setRunning(true,*local*) 
2025/02/27 23:33:47 INFO  - jmeter.engine.StandardJMeterEngine: Starting ThreadGroup: 1 : Thread Group 
2025/02/27 23:33:47 INFO  - jmeter.engine.StandardJMeterEngine: Starting 25 threads for group Thread Group. 
2025/02/27 23:33:47 INFO  - jmeter.engine.StandardJMeterEngine: Thread will continue on error 
2025/02/27 23:33:47 INFO  - jmeter.threads.ThreadGroup: Starting thread group number 1 threads 25 ramp-up 25 perThread 1000.0 delayedStart=false 
2025/02/27 23:33:47 INFO  - jmeter.threads.JMeterThread: jmeterthread.startearlier=true (see jmeter.properties) 
2025/02/27 23:33:47 INFO  - jmeter.threads.JMeterThread: Running PostProcessors in forward order 
2025/02/27 23:33:47 INFO  - jmeter.threads.JMeterThread: Thread started: Thread Group 1-1 
2025/02/27 23:33:47 INFO  - jmeter.threads.ThreadGroup: Started thread group number 1 
2025/02/27 23:33:47 INFO  - jmeter.engine.StandardJMeterEngine: All thread groups have been started 
2025/02/27 23:33:47 INFO  - jmeter.protocol.http.sampler.HTTPHCAbstractImpl: Local host = mohammad 
2025/02/27 23:33:47 INFO  - jmeter.protocol.http.sampler.HTTPHC4Impl: HTTP request retry count = 0 
2025/02/27 23:33:47 INFO  - jmeter.protocol.http.sampler.HTTPHC4Impl: Setting up HTTPS TrustAll scheme 
2025/02/27 23:33:47 INFO  - jmeter.util.JsseSSLManager: Using default SSL protocol: TLS 
2025/02/27 23:33:47 INFO  - jmeter.util.JsseSSLManager: SSL session context: per-thread 
2025/02/27 23:33:48 INFO  - jmeter.threads.JMeterThread: Thread started: Thread Group 1-2 
2025/02/27 23:33:48 INFO  - jmeter.threads.JMeterThread: Thread is done: Thread Group 1-1 
2025/02/27 23:33:48 INFO  - jmeter.threads.JMeterThread: Thread finished: Thread Group 1-1 
2025/02/27 23:33:49 INFO  - jmeter.threads.JMeterThread: Thread is done: Thread Group 1-2 
2025/02/27 23:33:49 INFO  - jmeter.threads.JMeterThread: Thread finished: Thread Group 1-2 
2025/02/27 23:33:49 INFO  - jmeter.threads.JMeterThread: Thread started: Thread Group 1-3 
2025/02/27 23:33:50 INFO  - jmeter.threads.JMeterThread: Thread is done: Thread Group 1-3 
2025/02/27 23:33:50 INFO  - jmeter.threads.JMeterThread: Thread finished: Thread Group 1-3 
2025/02/27 23:33:50 INFO  - jmeter.threads.JMeterThread: Thread started: Thread Group 1-4 
2025/02/27 23:33:51 INFO  - jmeter.threads.JMeterThread: Thread is done: Thread Group 1-4 
2025/02/27 23:33:51 INFO  - jmeter.threads.JMeterThread: Thread finished: Thread Group 1-4 
2025/02/27 23:33:51 INFO  - jmeter.threads.JMeterThread: Thread started: Thread Group 1-5 
2025/02/27 23:33:52 INFO  - jmeter.threads.JMeterThread: Thread is done: Thread Group 1-5 
2025/02/27 23:33:52 INFO  - jmeter.threads.JMeterThread: Thread finished: Thread Group 1-5 
2025/02/27 23:33:52 INFO  - jmeter.threads.JMeterThread: Thread started: Thread Group 1-6 
2025/02/27 23:33:53 INFO  - jmeter.threads.JMeterThread: Thread is done: Thread Group 1-6 
2025/02/27 23:33:53 INFO  - jmeter.threads.JMeterThread: Thread finished: Thread Group 1-6 
2025/02/27 23:33:53 INFO  - jmeter.threads.JMeterThread: Thread started: Thread Group 1-7 
2025/02/27 23:33:54 INFO  - jmeter.threads.JMeterThread: Thread is done: Thread Group 1-7 
2025/02/27 23:33:54 INFO  - jmeter.threads.JMeterThread: Thread finished: Thread Group 1-7 
2025/02/27 23:33:54 INFO  - jmeter.threads.JMeterThread: Thread started: Thread Group 1-8 
2025/02/27 23:33:55 INFO  - jmeter.threads.JMeterThread: Thread is done: Thread Group 1-8 
2025/02/27 23:33:55 INFO  - jmeter.threads.JMeterThread: Thread finished: Thread Group 1-8 
2025/02/27 23:33:55 INFO  - jmeter.threads.JMeterThread: Thread started: Thread Group 1-9 
2025/02/27 23:33:56 INFO  - jmeter.threads.JMeterThread: Thread is done: Thread Group 1-9 
2025/02/27 23:33:56 INFO  - jmeter.threads.JMeterThread: Thread finished: Thread Group 1-9 
2025/02/27 23:33:56 INFO  - jmeter.threads.JMeterThread: Thread started: Thread Group 1-10 
2025/02/27 23:33:57 INFO  - jmeter.threads.JMeterThread: Thread is done: Thread Group 1-10 
2025/02/27 23:33:57 INFO  - jmeter.threads.JMeterThread: Thread finished: Thread Group 1-10 
2025/02/27 23:33:57 INFO  - jmeter.threads.JMeterThread: Thread started: Thread Group 1-11 
2025/02/27 23:33:58 INFO  - jmeter.threads.JMeterThread: Thread is done: Thread Group 1-11 
2025/02/27 23:33:58 INFO  - jmeter.threads.JMeterThread: Thread finished: Thread Group 1-11 
2025/02/27 23:33:58 INFO  - jmeter.threads.JMeterThread: Thread started: Thread Group 1-12 
2025/02/27 23:33:59 INFO  - jmeter.threads.JMeterThread: Thread is done: Thread Group 1-12 
2025/02/27 23:33:59 INFO  - jmeter.threads.JMeterThread: Thread finished: Thread Group 1-12 
2025/02/27 23:33:59 INFO  - jmeter.threads.JMeterThread: Thread started: Thread Group 1-13 
2025/02/27 23:34:00 INFO  - jmeter.threads.JMeterThread: Thread is done: Thread Group 1-13 
2025/02/27 23:34:00 INFO  - jmeter.threads.JMeterThread: Thread finished: Thread Group 1-13 
2025/02/27 23:34:00 INFO  - jmeter.threads.JMeterThread: Thread started: Thread Group 1-14 
2025/02/27 23:34:01 INFO  - jmeter.threads.JMeterThread: Thread is done: Thread Group 1-14 
2025/02/27 23:34:01 INFO  - jmeter.threads.JMeterThread: Thread finished: Thread Group 1-14 
2025/02/27 23:34:01 INFO  - jmeter.threads.JMeterThread: Thread started: Thread Group 1-15 
2025/02/27 23:34:02 INFO  - jmeter.threads.JMeterThread: Thread is done: Thread Group 1-15 
2025/02/27 23:34:02 INFO  - jmeter.threads.JMeterThread: Thread finished: Thread Group 1-15 
2025/02/27 23:34:02 INFO  - jmeter.threads.JMeterThread: Thread started: Thread Group 1-16 
2025/02/27 23:34:03 INFO  - jmeter.threads.JMeterThread: Thread is done: Thread Group 1-16 
2025/02/27 23:34:03 INFO  - jmeter.threads.JMeterThread: Thread finished: Thread Group 1-16 
2025/02/27 23:34:03 INFO  - jmeter.threads.JMeterThread: Thread started: Thread Group 1-17 
2025/02/27 23:34:04 INFO  - jmeter.threads.JMeterThread: Thread is done: Thread Group 1-17 
2025/02/27 23:34:04 INFO  - jmeter.threads.JMeterThread: Thread finished: Thread Group 1-17 
2025/02/27 23:34:04 INFO  - jmeter.threads.JMeterThread: Thread started: Thread Group 1-18 
2025/02/27 23:34:05 INFO  - jmeter.threads.JMeterThread: Thread is done: Thread Group 1-18 
2025/02/27 23:34:05 INFO  - jmeter.threads.JMeterThread: Thread finished: Thread Group 1-18 
2025/02/27 23:34:05 INFO  - jmeter.threads.JMeterThread: Thread started: Thread Group 1-19 
2025/02/27 23:34:06 INFO  - jmeter.threads.JMeterThread: Thread is done: Thread Group 1-19 
2025/02/27 23:34:06 INFO  - jmeter.threads.JMeterThread: Thread finished: Thread Group 1-19 
2025/02/27 23:34:06 INFO  - jmeter.threads.JMeterThread: Thread started: Thread Group 1-20 
2025/02/27 23:34:07 INFO  - jmeter.threads.JMeterThread: Thread is done: Thread Group 1-20 
2025/02/27 23:34:07 INFO  - jmeter.threads.JMeterThread: Thread finished: Thread Group 1-20 
2025/02/27 23:34:07 INFO  - jmeter.threads.JMeterThread: Thread started: Thread Group 1-21 
2025/02/27 23:34:08 INFO  - jmeter.threads.JMeterThread: Thread is done: Thread Group 1-21 
2025/02/27 23:34:08 INFO  - jmeter.threads.JMeterThread: Thread finished: Thread Group 1-21 
2025/02/27 23:34:08 INFO  - jmeter.threads.JMeterThread: Thread started: Thread Group 1-22 
2025/02/27 23:34:09 INFO  - jmeter.threads.JMeterThread: Thread is done: Thread Group 1-22 
2025/02/27 23:34:09 INFO  - jmeter.threads.JMeterThread: Thread finished: Thread Group 1-22 
2025/02/27 23:34:09 INFO  - jmeter.threads.JMeterThread: Thread started: Thread Group 1-23 
2025/02/27 23:34:10 INFO  - jmeter.threads.JMeterThread: Thread is done: Thread Group 1-23 
2025/02/27 23:34:10 INFO  - jmeter.threads.JMeterThread: Thread finished: Thread Group 1-23 
2025/02/27 23:34:10 INFO  - jmeter.threads.JMeterThread: Thread started: Thread Group 1-24 
2025/02/27 23:34:11 INFO  - jmeter.threads.JMeterThread: Thread is done: Thread Group 1-24 
2025/02/27 23:34:11 INFO  - jmeter.threads.JMeterThread: Thread finished: Thread Group 1-24 
2025/02/27 23:34:11 INFO  - jmeter.threads.JMeterThread: Thread started: Thread Group 1-25 
2025/02/27 23:34:12 INFO  - jmeter.threads.JMeterThread: Thread is done: Thread Group 1-25 
2025/02/27 23:34:12 INFO  - jmeter.threads.JMeterThread: Thread finished: Thread Group 1-25 
2025/02/27 23:34:12 INFO  - jmeter.engine.StandardJMeterEngine: Notifying test listeners of end of test 
2025/02/27 23:34:12 INFO  - jmeter.gui.util.JMeterMenuBar: setRunning(false,*local*) 
2025/02/27 23:35:42 INFO  - jmeter.engine.StandardJMeterEngine: Running the test! 
2025/02/27 23:35:42 INFO  - jmeter.samplers.SampleEvent: List of sample_variables: [] 
2025/02/27 23:35:42 INFO  - jmeter.gui.util.JMeterMenuBar: setRunning(true,*local*) 
2025/02/27 23:35:43 INFO  - jmeter.engine.StandardJMeterEngine: Starting ThreadGroup: 1 : Thread Group 
2025/02/27 23:35:43 INFO  - jmeter.engine.StandardJMeterEngine: Starting 25 threads for group Thread Group. 
2025/02/27 23:35:43 INFO  - jmeter.engine.StandardJMeterEngine: Thread will continue on error 
2025/02/27 23:35:43 INFO  - jmeter.threads.ThreadGroup: Starting thread group number 1 threads 25 ramp-up 25 perThread 1000.0 delayedStart=false 
2025/02/27 23:35:43 INFO  - jmeter.threads.JMeterThread: Thread started: Thread Group 1-1 
2025/02/27 23:35:43 INFO  - jmeter.threads.ThreadGroup: Started thread group number 1 
2025/02/27 23:35:43 INFO  - jmeter.engine.StandardJMeterEngine: All thread groups have been started 
2025/02/27 23:35:43 INFO  - jmeter.threads.JMeterThread: Thread is done: Thread Group 1-1 
2025/02/27 23:35:43 INFO  - jmeter.threads.JMeterThread: Thread finished: Thread Group 1-1 
2025/02/27 23:35:44 INFO  - jmeter.threads.JMeterThread: Thread started: Thread Group 1-2 
2025/02/27 23:35:44 INFO  - jmeter.threads.JMeterThread: Thread is done: Thread Group 1-2 
2025/02/27 23:35:44 INFO  - jmeter.threads.JMeterThread: Thread finished: Thread Group 1-2 
2025/02/27 23:35:45 INFO  - jmeter.threads.JMeterThread: Thread started: Thread Group 1-3 
2025/02/27 23:35:45 INFO  - jmeter.threads.JMeterThread: Thread is done: Thread Group 1-3 
2025/02/27 23:35:45 INFO  - jmeter.threads.JMeterThread: Thread finished: Thread Group 1-3 
2025/02/27 23:35:46 INFO  - jmeter.threads.JMeterThread: Thread started: Thread Group 1-4 
2025/02/27 23:35:46 INFO  - jmeter.threads.JMeterThread: Thread is done: Thread Group 1-4 
2025/02/27 23:35:46 INFO  - jmeter.threads.JMeterThread: Thread finished: Thread Group 1-4 
2025/02/27 23:35:47 INFO  - jmeter.threads.JMeterThread: Thread started: Thread Group 1-5 
2025/02/27 23:35:47 INFO  - jmeter.threads.JMeterThread: Thread is done: Thread Group 1-5 
2025/02/27 23:35:47 INFO  - jmeter.threads.JMeterThread: Thread finished: Thread Group 1-5 
2025/02/27 23:35:48 INFO  - jmeter.threads.JMeterThread: Thread started: Thread Group 1-6 
2025/02/27 23:35:48 INFO  - jmeter.threads.JMeterThread: Thread is done: Thread Group 1-6 
2025/02/27 23:35:48 INFO  - jmeter.threads.JMeterThread: Thread finished: Thread Group 1-6 
2025/02/27 23:35:49 INFO  - jmeter.threads.JMeterThread: Thread started: Thread Group 1-7 
2025/02/27 23:35:49 INFO  - jmeter.threads.JMeterThread: Thread is done: Thread Group 1-7 
2025/02/27 23:35:49 INFO  - jmeter.threads.JMeterThread: Thread finished: Thread Group 1-7 
2025/02/27 23:35:50 INFO  - jmeter.threads.JMeterThread: Thread started: Thread Group 1-8 
2025/02/27 23:35:50 INFO  - jmeter.threads.JMeterThread: Thread is done: Thread Group 1-8 
2025/02/27 23:35:50 INFO  - jmeter.threads.JMeterThread: Thread finished: Thread Group 1-8 
2025/02/27 23:35:51 INFO  - jmeter.threads.JMeterThread: Thread started: Thread Group 1-9 
2025/02/27 23:35:51 INFO  - jmeter.threads.JMeterThread: Thread is done: Thread Group 1-9 
2025/02/27 23:35:51 INFO  - jmeter.threads.JMeterThread: Thread finished: Thread Group 1-9 
2025/02/27 23:35:52 INFO  - jmeter.threads.JMeterThread: Thread started: Thread Group 1-10 
2025/02/27 23:35:52 INFO  - jmeter.threads.JMeterThread: Thread is done: Thread Group 1-10 
2025/02/27 23:35:52 INFO  - jmeter.threads.JMeterThread: Thread finished: Thread Group 1-10 
2025/02/27 23:35:53 INFO  - jmeter.threads.JMeterThread: Thread started: Thread Group 1-11 
2025/02/27 23:35:53 INFO  - jmeter.threads.JMeterThread: Thread is done: Thread Group 1-11 
2025/02/27 23:35:53 INFO  - jmeter.threads.JMeterThread: Thread finished: Thread Group 1-11 
2025/02/27 23:35:54 INFO  - jmeter.threads.JMeterThread: Thread started: Thread Group 1-12 
2025/02/27 23:35:54 INFO  - jmeter.threads.JMeterThread: Thread is done: Thread Group 1-12 
2025/02/27 23:35:54 INFO  - jmeter.threads.JMeterThread: Thread finished: Thread Group 1-12 
2025/02/27 23:35:55 INFO  - jmeter.threads.JMeterThread: Thread started: Thread Group 1-13 
2025/02/27 23:35:55 INFO  - jmeter.threads.JMeterThread: Thread is done: Thread Group 1-13 
2025/02/27 23:35:55 INFO  - jmeter.threads.JMeterThread: Thread finished: Thread Group 1-13 
2025/02/27 23:35:56 INFO  - jmeter.threads.JMeterThread: Thread started: Thread Group 1-14 
2025/02/27 23:35:56 INFO  - jmeter.threads.JMeterThread: Thread is done: Thread Group 1-14 
2025/02/27 23:35:56 INFO  - jmeter.threads.JMeterThread: Thread finished: Thread Group 1-14 
2025/02/27 23:35:57 INFO  - jmeter.threads.JMeterThread: Thread started: Thread Group 1-15 
2025/02/27 23:35:57 INFO  - jmeter.threads.JMeterThread: Thread is done: Thread Group 1-15 
2025/02/27 23:35:57 INFO  - jmeter.threads.JMeterThread: Thread finished: Thread Group 1-15 
2025/02/27 23:35:58 INFO  - jmeter.threads.JMeterThread: Thread started: Thread Group 1-16 
2025/02/27 23:35:58 INFO  - jmeter.threads.JMeterThread: Thread is done: Thread Group 1-16 
2025/02/27 23:35:58 INFO  - jmeter.threads.JMeterThread: Thread finished: Thread Group 1-16 
2025/02/27 23:35:59 INFO  - jmeter.threads.JMeterThread: Thread started: Thread Group 1-17 
2025/02/27 23:35:59 INFO  - jmeter.threads.JMeterThread: Thread is done: Thread Group 1-17 
2025/02/27 23:35:59 INFO  - jmeter.threads.JMeterThread: Thread finished: Thread Group 1-17 
2025/02/27 23:36:00 INFO  - jmeter.threads.JMeterThread: Thread started: Thread Group 1-18 
2025/02/27 23:36:00 INFO  - jmeter.threads.JMeterThread: Thread is done: Thread Group 1-18 
2025/02/27 23:36:00 INFO  - jmeter.threads.JMeterThread: Thread finished: Thread Group 1-18 
2025/02/27 23:36:01 INFO  - jmeter.threads.JMeterThread: Thread started: Thread Group 1-19 
2025/02/27 23:36:01 INFO  - jmeter.threads.JMeterThread: Thread is done: Thread Group 1-19 
2025/02/27 23:36:01 INFO  - jmeter.threads.JMeterThread: Thread finished: Thread Group 1-19 
2025/02/27 23:36:02 INFO  - jmeter.threads.JMeterThread: Thread started: Thread Group 1-20 
2025/02/27 23:36:02 INFO  - jmeter.threads.JMeterThread: Thread is done: Thread Group 1-20 
2025/02/27 23:36:02 INFO  - jmeter.threads.JMeterThread: Thread finished: Thread Group 1-20 
2025/02/27 23:36:03 INFO  - jmeter.threads.JMeterThread: Thread started: Thread Group 1-21 
2025/02/27 23:36:03 INFO  - jmeter.threads.JMeterThread: Thread is done: Thread Group 1-21 
2025/02/27 23:36:03 INFO  - jmeter.threads.JMeterThread: Thread finished: Thread Group 1-21 
2025/02/27 23:36:04 INFO  - jmeter.threads.JMeterThread: Thread started: Thread Group 1-22 
2025/02/27 23:36:04 INFO  - jmeter.threads.JMeterThread: Thread is done: Thread Group 1-22 
2025/02/27 23:36:04 INFO  - jmeter.threads.JMeterThread: Thread finished: Thread Group 1-22 
2025/02/27 23:36:05 INFO  - jmeter.threads.JMeterThread: Thread started: Thread Group 1-23 
2025/02/27 23:36:05 INFO  - jmeter.threads.JMeterThread: Thread is done: Thread Group 1-23 
2025/02/27 23:36:05 INFO  - jmeter.threads.JMeterThread: Thread finished: Thread Group 1-23 
2025/02/27 23:36:06 INFO  - jmeter.threads.JMeterThread: Thread started: Thread Group 1-24 
2025/02/27 23:36:06 INFO  - jmeter.threads.JMeterThread: Thread is done: Thread Group 1-24 
2025/02/27 23:36:06 INFO  - jmeter.threads.JMeterThread: Thread finished: Thread Group 1-24 
2025/02/27 23:36:07 INFO  - jmeter.threads.JMeterThread: Thread started: Thread Group 1-25 
2025/02/27 23:36:07 INFO  - jmeter.threads.JMeterThread: Thread is done: Thread Group 1-25 
2025/02/27 23:36:07 INFO  - jmeter.threads.JMeterThread: Thread finished: Thread Group 1-25 
2025/02/27 23:36:07 INFO  - jmeter.engine.StandardJMeterEngine: Notifying test listeners of end of test 
2025/02/27 23:36:07 INFO  - jmeter.gui.util.JMeterMenuBar: setRunning(false,*local*) 
2025/02/27 23:37:05 INFO  - jmeter.engine.StandardJMeterEngine: Running the test! 
2025/02/27 23:37:05 INFO  - jmeter.samplers.SampleEvent: List of sample_variables: [] 
2025/02/27 23:37:05 INFO  - jmeter.gui.util.JMeterMenuBar: setRunning(true,*local*) 
2025/02/27 23:37:05 INFO  - jmeter.engine.StandardJMeterEngine: Starting ThreadGroup: 1 : Thread Group 
2025/02/27 23:37:05 INFO  - jmeter.engine.StandardJMeterEngine: Starting 25 threads for group Thread Group. 
2025/02/27 23:37:05 INFO  - jmeter.engine.StandardJMeterEngine: Thread will continue on error 
2025/02/27 23:37:05 INFO  - jmeter.threads.ThreadGroup: Starting thread group number 1 threads 25 ramp-up 25 perThread 1000.0 delayedStart=false 
2025/02/27 23:37:05 INFO  - jmeter.threads.JMeterThread: Thread started: Thread Group 1-1 
2025/02/27 23:37:05 INFO  - jmeter.threads.ThreadGroup: Started thread group number 1 
2025/02/27 23:37:05 INFO  - jmeter.engine.StandardJMeterEngine: All thread groups have been started 
2025/02/27 23:37:06 INFO  - jmeter.threads.JMeterThread: Thread is done: Thread Group 1-1 
2025/02/27 23:37:06 INFO  - jmeter.threads.JMeterThread: Thread finished: Thread Group 1-1 
2025/02/27 23:37:06 INFO  - jmeter.threads.JMeterThread: Thread started: Thread Group 1-2 
2025/02/27 23:37:07 INFO  - jmeter.threads.JMeterThread: Thread is done: Thread Group 1-2 
2025/02/27 23:37:07 INFO  - jmeter.threads.JMeterThread: Thread finished: Thread Group 1-2 
2025/02/27 23:37:07 INFO  - jmeter.threads.JMeterThread: Thread started: Thread Group 1-3 
2025/02/27 23:37:08 INFO  - jmeter.threads.JMeterThread: Thread is done: Thread Group 1-3 
2025/02/27 23:37:08 INFO  - jmeter.threads.JMeterThread: Thread finished: Thread Group 1-3 
2025/02/27 23:37:08 INFO  - jmeter.threads.JMeterThread: Thread started: Thread Group 1-4 
2025/02/27 23:37:09 INFO  - jmeter.threads.JMeterThread: Thread is done: Thread Group 1-4 
2025/02/27 23:37:09 INFO  - jmeter.threads.JMeterThread: Thread finished: Thread Group 1-4 
2025/02/27 23:37:09 INFO  - jmeter.threads.JMeterThread: Thread started: Thread Group 1-5 
2025/02/27 23:37:10 INFO  - jmeter.threads.JMeterThread: Thread is done: Thread Group 1-5 
2025/02/27 23:37:10 INFO  - jmeter.threads.JMeterThread: Thread finished: Thread Group 1-5 
2025/02/27 23:37:10 INFO  - jmeter.threads.JMeterThread: Thread started: Thread Group 1-6 
2025/02/27 23:37:11 INFO  - jmeter.threads.JMeterThread: Thread is done: Thread Group 1-6 
2025/02/27 23:37:11 INFO  - jmeter.threads.JMeterThread: Thread finished: Thread Group 1-6 
2025/02/27 23:37:11 INFO  - jmeter.threads.JMeterThread: Thread started: Thread Group 1-7 
2025/02/27 23:37:12 INFO  - jmeter.threads.JMeterThread: Thread is done: Thread Group 1-7 
2025/02/27 23:37:12 INFO  - jmeter.threads.JMeterThread: Thread finished: Thread Group 1-7 
2025/02/27 23:37:12 INFO  - jmeter.threads.JMeterThread: Thread started: Thread Group 1-8 
2025/02/27 23:37:13 INFO  - jmeter.threads.JMeterThread: Thread is done: Thread Group 1-8 
2025/02/27 23:37:13 INFO  - jmeter.threads.JMeterThread: Thread finished: Thread Group 1-8 
2025/02/27 23:37:13 INFO  - jmeter.threads.JMeterThread: Thread started: Thread Group 1-9 
2025/02/27 23:37:14 INFO  - jmeter.threads.JMeterThread: Thread is done: Thread Group 1-9 
2025/02/27 23:37:14 INFO  - jmeter.threads.JMeterThread: Thread finished: Thread Group 1-9 
2025/02/27 23:37:14 INFO  - jmeter.threads.JMeterThread: Thread started: Thread Group 1-10 
2025/02/27 23:37:15 INFO  - jmeter.threads.JMeterThread: Thread is done: Thread Group 1-10 
2025/02/27 23:37:15 INFO  - jmeter.threads.JMeterThread: Thread finished: Thread Group 1-10 
2025/02/27 23:37:15 INFO  - jmeter.threads.JMeterThread: Thread started: Thread Group 1-11 
2025/02/27 23:37:16 INFO  - jmeter.threads.JMeterThread: Thread is done: Thread Group 1-11 
2025/02/27 23:37:16 INFO  - jmeter.threads.JMeterThread: Thread finished: Thread Group 1-11 
2025/02/27 23:37:16 INFO  - jmeter.threads.JMeterThread: Thread started: Thread Group 1-12 
2025/02/27 23:37:17 INFO  - jmeter.threads.JMeterThread: Thread is done: Thread Group 1-12 
2025/02/27 23:37:17 INFO  - jmeter.threads.JMeterThread: Thread finished: Thread Group 1-12 
2025/02/27 23:37:17 INFO  - jmeter.threads.JMeterThread: Thread started: Thread Group 1-13 
2025/02/27 23:37:18 INFO  - jmeter.threads.JMeterThread: Thread is done: Thread Group 1-13 
2025/02/27 23:37:18 INFO  - jmeter.threads.JMeterThread: Thread finished: Thread Group 1-13 
2025/02/27 23:37:18 INFO  - jmeter.threads.JMeterThread: Thread started: Thread Group 1-14 
2025/02/27 23:37:19 INFO  - jmeter.threads.JMeterThread: Thread is done: Thread Group 1-14 
2025/02/27 23:37:19 INFO  - jmeter.threads.JMeterThread: Thread finished: Thread Group 1-14 
2025/02/27 23:37:19 INFO  - jmeter.threads.JMeterThread: Thread started: Thread Group 1-15 
2025/02/27 23:37:20 INFO  - jmeter.threads.JMeterThread: Thread is done: Thread Group 1-15 
2025/02/27 23:37:20 INFO  - jmeter.threads.JMeterThread: Thread finished: Thread Group 1-15 
2025/02/27 23:37:20 INFO  - jmeter.threads.JMeterThread: Thread started: Thread Group 1-16 
2025/02/27 23:37:21 INFO  - jmeter.threads.JMeterThread: Thread is done: Thread Group 1-16 
2025/02/27 23:37:21 INFO  - jmeter.threads.JMeterThread: Thread finished: Thread Group 1-16 
2025/02/27 23:37:21 INFO  - jmeter.threads.JMeterThread: Thread started: Thread Group 1-17 
2025/02/27 23:37:22 INFO  - jmeter.threads.JMeterThread: Thread is done: Thread Group 1-17 
2025/02/27 23:37:22 INFO  - jmeter.threads.JMeterThread: Thread finished: Thread Group 1-17 
2025/02/27 23:37:22 INFO  - jmeter.threads.JMeterThread: Thread started: Thread Group 1-18 
2025/02/27 23:37:23 INFO  - jmeter.threads.JMeterThread: Thread is done: Thread Group 1-18 
2025/02/27 23:37:23 INFO  - jmeter.threads.JMeterThread: Thread finished: Thread Group 1-18 
2025/02/27 23:37:23 INFO  - jmeter.threads.JMeterThread: Thread started: Thread Group 1-19 
2025/02/27 23:37:24 INFO  - jmeter.threads.JMeterThread: Thread is done: Thread Group 1-19 
2025/02/27 23:37:24 INFO  - jmeter.threads.JMeterThread: Thread finished: Thread Group 1-19 
2025/02/27 23:37:24 INFO  - jmeter.threads.JMeterThread: Thread started: Thread Group 1-20 
2025/02/27 23:37:25 INFO  - jmeter.threads.JMeterThread: Thread is done: Thread Group 1-20 
2025/02/27 23:37:25 INFO  - jmeter.threads.JMeterThread: Thread finished: Thread Group 1-20 
2025/02/27 23:37:25 INFO  - jmeter.threads.JMeterThread: Thread started: Thread Group 1-21 
2025/02/27 23:37:26 INFO  - jmeter.threads.JMeterThread: Thread is done: Thread Group 1-21 
2025/02/27 23:37:26 INFO  - jmeter.threads.JMeterThread: Thread finished: Thread Group 1-21 
2025/02/27 23:37:26 INFO  - jmeter.threads.JMeterThread: Thread started: Thread Group 1-22 
2025/02/27 23:37:27 INFO  - jmeter.threads.JMeterThread: Thread is done: Thread Group 1-22 
2025/02/27 23:37:27 INFO  - jmeter.threads.JMeterThread: Thread finished: Thread Group 1-22 
2025/02/27 23:37:27 INFO  - jmeter.threads.JMeterThread: Thread started: Thread Group 1-23 
2025/02/27 23:37:28 INFO  - jmeter.threads.JMeterThread: Thread is done: Thread Group 1-23 
2025/02/27 23:37:28 INFO  - jmeter.threads.JMeterThread: Thread finished: Thread Group 1-23 
2025/02/27 23:37:28 INFO  - jmeter.threads.JMeterThread: Thread started: Thread Group 1-24 
2025/02/27 23:37:29 INFO  - jmeter.threads.JMeterThread: Thread is done: Thread Group 1-24 
2025/02/27 23:37:29 INFO  - jmeter.threads.JMeterThread: Thread finished: Thread Group 1-24 
2025/02/27 23:37:29 INFO  - jmeter.threads.JMeterThread: Thread started: Thread Group 1-25 
2025/02/27 23:37:30 INFO  - jmeter.threads.JMeterThread: Thread is done: Thread Group 1-25 
2025/02/27 23:37:30 INFO  - jmeter.threads.JMeterThread: Thread finished: Thread Group 1-25 
2025/02/27 23:37:30 INFO  - jmeter.engine.StandardJMeterEngine: Notifying test listeners of end of test 
2025/02/27 23:37:30 INFO  - jmeter.gui.util.JMeterMenuBar: setRunning(false,*local*) 
